nayal_app/android/app/build/intermediates/manifest_merge_blame_file/release/manifest-merger-blame-release-report.txt
1<?xml version="1.0" encoding="utf-8"?>
2<manifest xmlns:android="http://schemas.android.com/apk/res/android"
3    package="com.aimmotors.nayel"
4    android:versionCode="4004"
5    android:versionName="0.2.2" >
6
7    <uses-sdk
8        android:minSdkVersion="21"
8-->src\main\AndroidManifest.xml
9        android:targetSdkVersion="33" />
9-->src\main\AndroidManifest.xml
10
11    <uses-permission android:name="android.permission.INTERNET" />
11-->src\main\AndroidManifest.xml:3:5-67
11-->src\main\AndroidManifest.xml:3:22-64
12    <uses-permission android:name="android.permission.ACCESS_NETWORK_STATE" />
12-->src\main\AndroidManifest.xml:4:5-79
12-->src\main\AndroidManifest.xml:4:22-76
13    <uses-permission android:name="android.permission.ACCESS_FINE_LOCATION" />
13-->src\main\AndroidManifest.xml:5:5-78
13-->src\main\AndroidManifest.xml:5:22-76
14    <uses-permission android:name="android.permission.READ_EXTERNAL_STORAGE" />
14-->src\main\AndroidManifest.xml:6:5-80
14-->src\main\AndroidManifest.xml:6:22-77
15    <uses-permission android:name="android.permission.WRITE_EXTERNAL_STORAGE" />
15-->src\main\AndroidManifest.xml:7:5-80
15-->src\main\AndroidManifest.xml:7:22-78
16    <uses-permission android:name="android.permission.READ_MEDIA_IMAGES" />
16-->src\main\AndroidManifest.xml:8:5-76
16-->src\main\AndroidManifest.xml:8:22-73
17    <uses-permission android:name="android.permission.CAMERA" />
17-->src\main\AndroidManifest.xml:9:5-64
17-->src\main\AndroidManifest.xml:9:22-62
18
19    <uses-feature
19-->src\main\AndroidManifest.xml:10:5-85
20        android:name="android.hardware.camera"
20-->src\main\AndroidManifest.xml:10:19-57
21        android:required="false" />
21-->src\main\AndroidManifest.xml:10:58-82
22    <uses-feature
22-->src\main\AndroidManifest.xml:11:5-91
23        android:name="android.hardware.camera.front"
23-->src\main\AndroidManifest.xml:11:19-63
24        android:required="false" />
24-->src\main\AndroidManifest.xml:11:64-88
25
26    <uses-permission android:name="android.permission.CHANGE_WIFI_STATE" />
26-->[:react-native-wifi-reborn] AndroidManifest.xml:10:5-76
26-->[:react-native-wifi-reborn] AndroidManifest.xml:10:22-73
27    <uses-permission android:name="android.permission.ACCESS_WIFI_STATE" />
27-->[:react-native-wifi-reborn] AndroidManifest.xml:11:5-76
27-->[:react-native-wifi-reborn] AndroidManifest.xml:11:22-73
28    <uses-permission android:name="android.permission.CHANGE_NETWORK_STATE" />
28-->[:react-native-wifi-reborn] AndroidManifest.xml:12:5-79
28-->[:react-native-wifi-reborn] AndroidManifest.xml:12:22-76
29    <uses-permission android:name="android.permission.USE_BIOMETRIC" />
29-->[:react-native-keychain] AndroidManifest.xml:9:5-72
29-->[:react-native-keychain] AndroidManifest.xml:9:22-69
30    <uses-permission android:name="android.permission.USE_FINGERPRINT" />
30-->[:react-native-keychain] AndroidManifest.xml:10:5-74
30-->[:react-native-keychain] AndroidManifest.xml:10:22-71
31
32    <queries>
32-->[:react-native-image-crop-picker] AndroidManifest.xml:9:5-13:15
33        <intent>
33-->[:react-native-image-crop-picker] AndroidManifest.xml:10:9-12:18
34            <action android:name="android.media.action.IMAGE_CAPTURE" />
34-->[:react-native-image-crop-picker] AndroidManifest.xml:11:13-73
34-->[:react-native-image-crop-picker] AndroidManifest.xml:11:21-70
35        </intent>
36        <!-- Needs to be explicitly declared on Android R+ -->
37        <package android:name="com.google.android.apps.maps" />
37-->[com.google.android.gms:play-services-maps:18.0.2] AndroidManifest.xml:33:9-64
37-->[com.google.android.gms:play-services-maps:18.0.2] AndroidManifest.xml:33:18-61
38    </queries>
39
40    <uses-feature
40-->[com.google.android.gms:play-services-maps:18.0.2] AndroidManifest.xml:26:5-28:35
41        android:glEsVersion="0x00020000"
41-->[com.google.android.gms:play-services-maps:18.0.2] AndroidManifest.xml:27:9-41
42        android:required="true" />
42-->[com.google.android.gms:play-services-maps:18.0.2] AndroidManifest.xml:28:9-32
43
44    <uses-permission android:name="android.permission.WAKE_LOCK" />
44-->[androidx.work:work-runtime:2.7.1] AndroidManifest.xml:25:5-68
44-->[androidx.work:work-runtime:2.7.1] AndroidManifest.xml:25:22-65
45    <uses-permission android:name="android.permission.RECEIVE_BOOT_COMPLETED" />
45-->[androidx.work:work-runtime:2.7.1] AndroidManifest.xml:27:5-81
45-->[androidx.work:work-runtime:2.7.1] AndroidManifest.xml:27:22-78
46    <uses-permission android:name="android.permission.FOREGROUND_SERVICE" />
46-->[androidx.work:work-runtime:2.7.1] AndroidManifest.xml:28:5-77
46-->[androidx.work:work-runtime:2.7.1] AndroidManifest.xml:28:22-74
47
48    <application
48-->src\main\AndroidManifest.xml:14:5-39:19
49        android:name="com.aimmotors.nayel.MainApplication"
49-->src\main\AndroidManifest.xml:15:7-38
50        android:allowBackup="false"
50-->src\main\AndroidManifest.xml:19:7-34
51        android:appComponentFactory="androidx.core.app.CoreComponentFactory"
51-->[androidx.core:core:1.7.0] AndroidManifest.xml:24:18-86
52        android:icon="@mipmap/ic_launcher"
52-->src\main\AndroidManifest.xml:17:7-41
53        android:label="@string/app_name"
53-->src\main\AndroidManifest.xml:16:7-39
54        android:roundIcon="@mipmap/ic_launcher_round"
54-->src\main\AndroidManifest.xml:18:7-52
55        android:theme="@style/AppTheme"
55-->src\main\AndroidManifest.xml:20:7-38
56        android:usesCleartextTraffic="true" >
56-->src\main\AndroidManifest.xml:21:7-42
57        <activity
57-->src\main\AndroidManifest.xml:23:7-35:18
58            android:name="com.aimmotors.nayel.MainActivity"
58-->src\main\AndroidManifest.xml:24:9-37
59            android:configChanges="keyboard|keyboardHidden|orientation|screenLayout|screenSize|smallestScreenSize|uiMode"
59-->src\main\AndroidManifest.xml:26:9-118
60            android:exported="true"
60-->src\main\AndroidManifest.xml:30:9-32
61            android:label="@string/app_name"
61-->src\main\AndroidManifest.xml:25:9-41
62            android:launchMode="singleTask"
62-->src\main\AndroidManifest.xml:27:9-40
63            android:screenOrientation="portrait"
63-->src\main\AndroidManifest.xml:29:9-47
64            android:windowSoftInputMode="adjustResize" >
64-->src\main\AndroidManifest.xml:28:9-51
65            <intent-filter>
65-->src\main\AndroidManifest.xml:31:9-34:25
66                <action android:name="android.intent.action.MAIN" />
66-->src\main\AndroidManifest.xml:32:13-65
66-->src\main\AndroidManifest.xml:32:21-62
67
68                <category android:name="android.intent.category.LAUNCHER" />
68-->src\main\AndroidManifest.xml:33:13-73
68-->src\main\AndroidManifest.xml:33:23-70
69            </intent-filter>
70        </activity>
71
72        <meta-data
72-->src\main\AndroidManifest.xml:36:15-38:67
73            android:name="com.google.android.geo.API_KEY"
73-->src\main\AndroidManifest.xml:37:9-54
74            android:value="AIzaSyDK7vRWhnxX8DgluGK9oT5K47AfSEz-J84" />
74-->src\main\AndroidManifest.xml:38:9-64
75
76        <provider
76-->[:react-native-image-crop-picker] AndroidManifest.xml:18:9-26:20
77            android:name="com.reactnative.ivpusic.imagepicker.IvpusicImagePickerFileProvider"
77-->[:react-native-image-crop-picker] AndroidManifest.xml:19:13-94
78            android:authorities="com.aimmotors.nayel.provider"
78-->[:react-native-image-crop-picker] AndroidManifest.xml:20:13-60
79            android:exported="false"
79-->[:react-native-image-crop-picker] AndroidManifest.xml:21:13-37
80            android:grantUriPermissions="true" >
80-->[:react-native-image-crop-picker] AndroidManifest.xml:22:13-47
81            <meta-data
81-->[:react-native-image-crop-picker] AndroidManifest.xml:23:13-25:78
82                android:name="android.support.FILE_PROVIDER_PATHS"
82-->[:react-native-image-crop-picker] AndroidManifest.xml:24:17-67
83                android:resource="@xml/ivpusic_imagepicker_provider_paths" />
83-->[:react-native-image-crop-picker] AndroidManifest.xml:25:17-75
84        </provider>
85
86        <activity
86-->[:react-native-image-crop-picker] AndroidManifest.xml:28:9-30:72
87            android:name="com.yalantis.ucrop.UCropActivity"
87-->[:react-native-image-crop-picker] AndroidManifest.xml:29:13-60
88            android:theme="@style/Theme.AppCompat.Light.NoActionBar" />
88-->[:react-native-image-crop-picker] AndroidManifest.xml:30:13-69
89
90        <provider
90-->[:react-native-image-picker] AndroidManifest.xml:10:9-18:20
91            android:name="com.imagepicker.ImagePickerProvider"
91-->[:react-native-image-picker] AndroidManifest.xml:11:13-63
92            android:authorities="com.aimmotors.nayel.imagepickerprovider"
92-->[:react-native-image-picker] AndroidManifest.xml:12:13-71
93            android:exported="false"
93-->[:react-native-image-picker] AndroidManifest.xml:13:13-37
94            android:grantUriPermissions="true" >
94-->[:react-native-image-picker] AndroidManifest.xml:14:13-47
95            <meta-data
95-->[:react-native-image-crop-picker] AndroidManifest.xml:23:13-25:78
96                android:name="android.support.FILE_PROVIDER_PATHS"
96-->[:react-native-image-crop-picker] AndroidManifest.xml:24:17-67
97                android:resource="@xml/imagepicker_provider_paths" />
97-->[:react-native-image-crop-picker] AndroidManifest.xml:25:17-75
98        </provider> <!-- Needs to be explicitly declared on P+ -->
99        <uses-library
99-->[com.google.android.gms:play-services-maps:18.0.2] AndroidManifest.xml:39:9-41:40
100            android:name="org.apache.http.legacy"
100-->[com.google.android.gms:play-services-maps:18.0.2] AndroidManifest.xml:40:13-50
101            android:required="false" />
101-->[com.google.android.gms:play-services-maps:18.0.2] AndroidManifest.xml:41:13-37
102
103        <activity
103-->[com.google.android.gms:play-services-base:18.1.0] AndroidManifest.xml:20:9-22:45
104            android:name="com.google.android.gms.common.api.GoogleApiActivity"
104-->[com.google.android.gms:play-services-base:18.1.0] AndroidManifest.xml:20:19-85
105            android:exported="false"
105-->[com.google.android.gms:play-services-base:18.1.0] AndroidManifest.xml:22:19-43
106            android:theme="@android:style/Theme.Translucent.NoTitleBar" />
106-->[com.google.android.gms:play-services-base:18.1.0] AndroidManifest.xml:21:19-78
107
108        <meta-data
108-->[com.google.android.gms:play-services-basement:18.1.0] AndroidManifest.xml:21:9-23:69
109            android:name="com.google.android.gms.version"
109-->[com.google.android.gms:play-services-basement:18.1.0] AndroidManifest.xml:22:13-58
110            android:value="@integer/google_play_services_version" />
110-->[com.google.android.gms:play-services-basement:18.1.0] AndroidManifest.xml:23:13-66
111
112        <provider
112-->[androidx.work:work-runtime:2.7.1] AndroidManifest.xml:31:9-39:20
113            android:name="androidx.startup.InitializationProvider"
113-->[androidx.work:work-runtime:2.7.1] AndroidManifest.xml:32:13-67
114            android:authorities="com.aimmotors.nayel.androidx-startup"
114-->[androidx.work:work-runtime:2.7.1] AndroidManifest.xml:33:13-68
115            android:exported="false" >
115-->[androidx.work:work-runtime:2.7.1] AndroidManifest.xml:34:13-37
116            <meta-data
116-->[androidx.work:work-runtime:2.7.1] AndroidManifest.xml:36:13-38:52
117                android:name="androidx.work.WorkManagerInitializer"
117-->[androidx.work:work-runtime:2.7.1] AndroidManifest.xml:37:17-68
118                android:value="androidx.startup" />
118-->[androidx.work:work-runtime:2.7.1] AndroidManifest.xml:38:17-49
119            <meta-data
119-->[androidx.emoji2:emoji2:1.0.0] AndroidManifest.xml:31:13-33:52
120                android:name="androidx.emoji2.text.EmojiCompatInitializer"
120-->[androidx.emoji2:emoji2:1.0.0] AndroidManifest.xml:32:17-75
121                android:value="androidx.startup" />
121-->[androidx.emoji2:emoji2:1.0.0] AndroidManifest.xml:33:17-49
122            <meta-data
122-->[androidx.lifecycle:lifecycle-process:2.4.0] AndroidManifest.xml:31:13-33:52
123                android:name="androidx.lifecycle.ProcessLifecycleInitializer"
123-->[androidx.lifecycle:lifecycle-process:2.4.0] AndroidManifest.xml:32:17-78
124                android:value="androidx.startup" />
124-->[androidx.lifecycle:lifecycle-process:2.4.0] AndroidManifest.xml:33:17-49
125        </provider>
126
127        <service
127-->[androidx.work:work-runtime:2.7.1] AndroidManifest.xml:41:9-46:35
128            android:name="androidx.work.impl.background.systemalarm.SystemAlarmService"
128-->[androidx.work:work-runtime:2.7.1] AndroidManifest.xml:42:13-88
129            android:directBootAware="false"
129-->[androidx.work:work-runtime:2.7.1] AndroidManifest.xml:43:13-44
130            android:enabled="@bool/enable_system_alarm_service_default"
130-->[androidx.work:work-runtime:2.7.1] AndroidManifest.xml:44:13-72
131            android:exported="false" />
131-->[androidx.work:work-runtime:2.7.1] AndroidManifest.xml:45:13-37
132        <service
132-->[androidx.work:work-runtime:2.7.1] AndroidManifest.xml:47:9-53:35
133            android:name="androidx.work.impl.background.systemjob.SystemJobService"
133-->[androidx.work:work-runtime:2.7.1] AndroidManifest.xml:48:13-84
134            android:directBootAware="false"
134-->[androidx.work:work-runtime:2.7.1] AndroidManifest.xml:49:13-44
135            android:enabled="@bool/enable_system_job_service_default"
135-->[androidx.work:work-runtime:2.7.1] AndroidManifest.xml:50:13-70
136            android:exported="true"
136-->[androidx.work:work-runtime:2.7.1] AndroidManifest.xml:51:13-36
137            android:permission="android.permission.BIND_JOB_SERVICE" />
137-->[androidx.work:work-runtime:2.7.1] AndroidManifest.xml:52:13-69
138        <service
138-->[androidx.work:work-runtime:2.7.1] AndroidManifest.xml:54:9-59:35
139            android:name="androidx.work.impl.foreground.SystemForegroundService"
139-->[androidx.work:work-runtime:2.7.1] AndroidManifest.xml:55:13-81
140            android:directBootAware="false"
140-->[androidx.work:work-runtime:2.7.1] AndroidManifest.xml:56:13-44
141            android:enabled="@bool/enable_system_foreground_service_default"
141-->[androidx.work:work-runtime:2.7.1] AndroidManifest.xml:57:13-77
142            android:exported="false" />
142-->[androidx.work:work-runtime:2.7.1] AndroidManifest.xml:58:13-37
143
144        <receiver
144-->[androidx.work:work-runtime:2.7.1] AndroidManifest.xml:61:9-66:35
145            android:name="androidx.work.impl.utils.ForceStopRunnable$BroadcastReceiver"
145-->[androidx.work:work-runtime:2.7.1] AndroidManifest.xml:62:13-88
146            android:directBootAware="false"
146-->[androidx.work:work-runtime:2.7.1] AndroidManifest.xml:63:13-44
147            android:enabled="true"
147-->[androidx.work:work-runtime:2.7.1] AndroidManifest.xml:64:13-35
148            android:exported="false" />
148-->[androidx.work:work-runtime:2.7.1] AndroidManifest.xml:65:13-37
149        <receiver
149-->[androidx.work:work-runtime:2.7.1] AndroidManifest.xml:67:9-77:20
150            android:name="androidx.work.impl.background.systemalarm.ConstraintProxy$BatteryChargingProxy"
150-->[androidx.work:work-runtime:2.7.1] AndroidManifest.xml:68:13-106
151            android:directBootAware="false"
151-->[androidx.work:work-runtime:2.7.1] AndroidManifest.xml:69:13-44
152            android:enabled="false"
152-->[androidx.work:work-runtime:2.7.1] AndroidManifest.xml:70:13-36
153            android:exported="false" >
153-->[androidx.work:work-runtime:2.7.1] AndroidManifest.xml:71:13-37
154            <intent-filter>
154-->[androidx.work:work-runtime:2.7.1] AndroidManifest.xml:73:13-76:29
155                <action android:name="android.intent.action.ACTION_POWER_CONNECTED" />
155-->[androidx.work:work-runtime:2.7.1] AndroidManifest.xml:74:17-87
155-->[androidx.work:work-runtime:2.7.1] AndroidManifest.xml:74:25-84
156                <action android:name="android.intent.action.ACTION_POWER_DISCONNECTED" />
156-->[androidx.work:work-runtime:2.7.1] AndroidManifest.xml:75:17-90
156-->[androidx.work:work-runtime:2.7.1] AndroidManifest.xml:75:25-87
157            </intent-filter>
158        </receiver>
159        <receiver
159-->[androidx.work:work-runtime:2.7.1] AndroidManifest.xml:78:9-88:20
160            android:name="androidx.work.impl.background.systemalarm.ConstraintProxy$BatteryNotLowProxy"
160-->[androidx.work:work-runtime:2.7.1] AndroidManifest.xml:79:13-104
161            android:directBootAware="false"
161-->[androidx.work:work-runtime:2.7.1] AndroidManifest.xml:80:13-44
162            android:enabled="false"
162-->[androidx.work:work-runtime:2.7.1] AndroidManifest.xml:81:13-36
163            android:exported="false" >
163-->[androidx.work:work-runtime:2.7.1] AndroidManifest.xml:82:13-37
164            <intent-filter>
164-->[androidx.work:work-runtime:2.7.1] AndroidManifest.xml:84:13-87:29
165                <action android:name="android.intent.action.BATTERY_OKAY" />
165-->[androidx.work:work-runtime:2.7.1] AndroidManifest.xml:85:17-77
165-->[androidx.work:work-runtime:2.7.1] AndroidManifest.xml:85:25-74
166                <action android:name="android.intent.action.BATTERY_LOW" />
166-->[androidx.work:work-runtime:2.7.1] AndroidManifest.xml:86:17-76
166-->[androidx.work:work-runtime:2.7.1] AndroidManifest.xml:86:25-73
167            </intent-filter>
168        </receiver>
169        <receiver
169-->[androidx.work:work-runtime:2.7.1] AndroidManifest.xml:89:9-99:20
170            android:name="androidx.work.impl.background.systemalarm.ConstraintProxy$StorageNotLowProxy"
170-->[androidx.work:work-runtime:2.7.1] AndroidManifest.xml:90:13-104
171            android:directBootAware="false"
171-->[androidx.work:work-runtime:2.7.1] AndroidManifest.xml:91:13-44
172            android:enabled="false"
172-->[androidx.work:work-runtime:2.7.1] AndroidManifest.xml:92:13-36
173            android:exported="false" >
173-->[androidx.work:work-runtime:2.7.1] AndroidManifest.xml:93:13-37
174            <intent-filter>
174-->[androidx.work:work-runtime:2.7.1] AndroidManifest.xml:95:13-98:29
175                <action android:name="android.intent.action.DEVICE_STORAGE_LOW" />
175-->[androidx.work:work-runtime:2.7.1] AndroidManifest.xml:96:17-83
175-->[androidx.work:work-runtime:2.7.1] AndroidManifest.xml:96:25-80
176                <action android:name="android.intent.action.DEVICE_STORAGE_OK" />
176-->[androidx.work:work-runtime:2.7.1] AndroidManifest.xml:97:17-82
176-->[androidx.work:work-runtime:2.7.1] AndroidManifest.xml:97:25-79
177            </intent-filter>
178        </receiver>
179        <receiver
179-->[androidx.work:work-runtime:2.7.1] AndroidManifest.xml:100:9-109:20
180            android:name="androidx.work.impl.background.systemalarm.ConstraintProxy$NetworkStateProxy"
180-->[androidx.work:work-runtime:2.7.1] AndroidManifest.xml:101:13-103
181            android:directBootAware="false"
181-->[androidx.work:work-runtime:2.7.1] AndroidManifest.xml:102:13-44
182            android:enabled="false"
182-->[androidx.work:work-runtime:2.7.1] AndroidManifest.xml:103:13-36
183            android:exported="false" >
183-->[androidx.work:work-runtime:2.7.1] AndroidManifest.xml:104:13-37
184            <intent-filter>
184-->[androidx.work:work-runtime:2.7.1] AndroidManifest.xml:106:13-108:29
185                <action android:name="android.net.conn.CONNECTIVITY_CHANGE" />
185-->[androidx.work:work-runtime:2.7.1] AndroidManifest.xml:107:17-79
185-->[androidx.work:work-runtime:2.7.1] AndroidManifest.xml:107:25-76
186            </intent-filter>
187        </receiver>
188        <receiver
188-->[androidx.work:work-runtime:2.7.1] AndroidManifest.xml:110:9-121:20
189            android:name="androidx.work.impl.background.systemalarm.RescheduleReceiver"
189-->[androidx.work:work-runtime:2.7.1] AndroidManifest.xml:111:13-88
190            android:directBootAware="false"
190-->[androidx.work:work-runtime:2.7.1] AndroidManifest.xml:112:13-44
191            android:enabled="false"
191-->[androidx.work:work-runtime:2.7.1] AndroidManifest.xml:113:13-36
192            android:exported="false" >
192-->[androidx.work:work-runtime:2.7.1] AndroidManifest.xml:114:13-37
193            <intent-filter>
193-->[androidx.work:work-runtime:2.7.1] AndroidManifest.xml:116:13-120:29
194                <action android:name="android.intent.action.BOOT_COMPLETED" />
194-->[androidx.work:work-runtime:2.7.1] AndroidManifest.xml:117:17-79
194-->[androidx.work:work-runtime:2.7.1] AndroidManifest.xml:117:25-76
195                <action android:name="android.intent.action.TIME_SET" />
195-->[androidx.work:work-runtime:2.7.1] AndroidManifest.xml:118:17-73
195-->[androidx.work:work-runtime:2.7.1] AndroidManifest.xml:118:25-70
196                <action android:name="android.intent.action.TIMEZONE_CHANGED" />
196-->[androidx.work:work-runtime:2.7.1] AndroidManifest.xml:119:17-81
196-->[androidx.work:work-runtime:2.7.1] AndroidManifest.xml:119:25-78
197            </intent-filter>
198        </receiver>
199        <receiver
199-->[androidx.work:work-runtime:2.7.1] AndroidManifest.xml:122:9-131:20
200            android:name="androidx.work.impl.background.systemalarm.ConstraintProxyUpdateReceiver"
200-->[androidx.work:work-runtime:2.7.1] AndroidManifest.xml:123:13-99
201            android:directBootAware="false"
201-->[androidx.work:work-runtime:2.7.1] AndroidManifest.xml:124:13-44
202            android:enabled="@bool/enable_system_alarm_service_default"
202-->[androidx.work:work-runtime:2.7.1] AndroidManifest.xml:125:13-72
203            android:exported="false" >
203-->[androidx.work:work-runtime:2.7.1] AndroidManifest.xml:126:13-37
204            <intent-filter>
204-->[androidx.work:work-runtime:2.7.1] AndroidManifest.xml:128:13-130:29
205                <action android:name="androidx.work.impl.background.systemalarm.UpdateProxies" />
205-->[androidx.work:work-runtime:2.7.1] AndroidManifest.xml:129:17-98
205-->[androidx.work:work-runtime:2.7.1] AndroidManifest.xml:129:25-95
206            </intent-filter>
207        </receiver>
208        <receiver
208-->[androidx.work:work-runtime:2.7.1] AndroidManifest.xml:132:9-142:20
209            android:name="androidx.work.impl.diagnostics.DiagnosticsReceiver"
209-->[androidx.work:work-runtime:2.7.1] AndroidManifest.xml:133:13-78
210            android:directBootAware="false"
210-->[androidx.work:work-runtime:2.7.1] AndroidManifest.xml:134:13-44
211            android:enabled="true"
211-->[androidx.work:work-runtime:2.7.1] AndroidManifest.xml:135:13-35
212            android:exported="true"
212-->[androidx.work:work-runtime:2.7.1] AndroidManifest.xml:136:13-36
213            android:permission="android.permission.DUMP" >
213-->[androidx.work:work-runtime:2.7.1] AndroidManifest.xml:137:13-57
214            <intent-filter>
214-->[androidx.work:work-runtime:2.7.1] AndroidManifest.xml:139:13-141:29
215                <action android:name="androidx.work.diagnostics.REQUEST_DIAGNOSTICS" />
215-->[androidx.work:work-runtime:2.7.1] AndroidManifest.xml:140:17-88
215-->[androidx.work:work-runtime:2.7.1] AndroidManifest.xml:140:25-85
216            </intent-filter>
217        </receiver>
218
219        <service
219-->[androidx.room:room-runtime:2.2.5] AndroidManifest.xml:25:9-28:40
220            android:name="androidx.room.MultiInstanceInvalidationService"
220-->[androidx.room:room-runtime:2.2.5] AndroidManifest.xml:26:13-74
221            android:directBootAware="true"
221-->[androidx.room:room-runtime:2.2.5] AndroidManifest.xml:27:13-43
222            android:exported="false" />
222-->[androidx.room:room-runtime:2.2.5] AndroidManifest.xml:28:13-37
223    </application>
224
225</manifest>